<?xml version="1.0" encoding="UTF-8"?>
<!-- Generated by org.testng.reporters.JUnitReportReporter -->
<testsuite hostname="LAPTOP-0M17UIVA" failures="0" tests="3" name="parameterization.DataProviderWithExcelFile" time="23.585" errors="0" timestamp="2023-12-06T20:02:50 IST" skipped="0">
  <testcase classname="parameterization.DataProviderWithExcelFile" name="verifySearchValidCourseNameWithCity" time="7.242"/>
  <testcase classname="parameterization.DataProviderWithExcelFile" name="verifySearchValidCourseNameWithCity" time="8.792"/>
  <testcase classname="parameterization.DataProviderWithExcelFile" name="verifySearchValidCourseNameWithCity" time="7.551"/>
</testsuite> <!-- parameterization.DataProviderWithExcelFile -->
